{"C:\\Users\\shaya\\Desktop\\Code\\FrontEnd\\history.js": {"path":"C:\\Users\\shaya\\Desktop\\Code\\FrontEnd\\history.js","statementMap":{"0":{"start":{"line":1,"column":17},"end":{"line":1,"column":36}},"1":{"start":{"line":3,"column":22},"end":{"line":12,"column":36}},"2":{"start":{"line":14,"column":0},"end":{"line":14,"column":67}}},"fnMap":{},"branchMap":{},"s":{"0":1,"1":1,"2":1},"f":{},"b":{},"_coverageSchema":"1a1c01bbd47fc00a2c39e90264f33305004495a9","hash":"3f133e9401287a4dde3590964c476ab22ba8a31c"}
}
